<?xml version="1.0" encoding="UTF-8"?>
<testng-results ignored="0" total="1" passed="1" failed="0" skipped="0">
  <reporter-output>
  </reporter-output>
  <suite started-at="2023-10-18T11:46:12 IST" name="Suite" finished-at="2023-10-18T11:48:19 IST" duration-ms="126426">
    <groups>
      <group name="enterprise2">
        <method signature="TC0027_Enterprise_E2Eprocess.enterprise()[pri:0, instance:loginTestcases.TC0027_Enterprise_E2Eprocess@d737b89]" name="enterprise" class="loginTestcases.TC0027_Enterprise_E2Eprocess"/>
      </group> <!-- enterprise2 -->
    </groups>
    <test started-at="2023-10-18T11:46:12 IST" name="Test" finished-at="2023-10-18T11:48:19 IST" duration-ms="126426">
      <class name="loginTestcases.TC0027_Enterprise_E2Eprocess">
        <test-method is-config="true" signature="setup(java.lang.String)[pri:0, instance:loginTestcases.TC0027_Enterprise_E2Eprocess@d737b89]" started-at="2023-10-18T11:46:13 IST" name="setup" finished-at="2023-10-18T11:46:24 IST" duration-ms="11205" status="PASS">
          <params>
            <param index="0">
              <value>
                <![CDATA[chrome]]>
              </value>
            </param>
          </params>
          <reporter-output>
          </reporter-output>
        </test-method> <!-- setup -->
        <test-method is-config="true" signature="intialization()[pri:0, instance:loginTestcases.TC0027_Enterprise_E2Eprocess@d737b89]" started-at="2023-10-18T11:46:24 IST" name="intialization" finished-at="2023-10-18T11:46:24 IST" duration-ms="8" status="PASS">
          <reporter-output>
          </reporter-output>
        </test-method> <!-- intialization -->
        <test-method signature="enterprise()[pri:0, instance:loginTestcases.TC0027_Enterprise_E2Eprocess@d737b89]" started-at="2023-10-18T11:46:24 IST" name="enterprise" finished-at="2023-10-18T11:48:18 IST" duration-ms="114212" status="PASS">
          <reporter-output>
          </reporter-output>
        </test-method> <!-- enterprise -->
        <test-method is-config="true" signature="teardown()[pri:0, instance:loginTestcases.TC0027_Enterprise_E2Eprocess@d737b89]" started-at="2023-10-18T11:48:18 IST" name="teardown" finished-at="2023-10-18T11:48:19 IST" duration-ms="504" status="PASS">
          <reporter-output>
          </reporter-output>
        </test-method> <!-- teardown -->
      </class> <!-- loginTestcases.TC0027_Enterprise_E2Eprocess -->
    </test> <!-- Test -->
  </suite> <!-- Suite -->
</testng-results>
